Flow report for GoldMinerGame
Wed Jan 07 01:29:52 2026
Quartus Prime Version 17.0.0 Build 595 04/25/2017 SJ Lite Edition


---------------------
; Table of Contents ;
---------------------
  1. Legal Notice
  2. Flow Summary
  3. Flow Settings
  4. Flow Non-Default Global Settings
  5. Flow Elapsed Time
  6. Flow OS Summary
  7. Flow Log
  8. Flow Messages
  9. Flow Suppressed Messages



----------------
; Legal Notice ;
----------------
Copyright (C) 2017  Intel Corporation. All rights reserved.
Your use of Intel Corporation's design tools, logic functions 
and other software and tools, and its AMPP partner logic 
functions, and any output files from any of the foregoing 
(including device programming or simulation files), and any 
associated documentation or information are expressly subject 
to the terms and conditions of the Intel Program License 
Subscription Agreement, the Intel Quartus Prime License Agreement,
the Intel MegaCore Function License Agreement, or other 
applicable license agreement, including, without limitation, 
that your use is for the sole purpose of programming logic 
devices manufactured by Intel and sold by Intel or its 
authorized distributors.  Please refer to the applicable 
agreement for further details.



+-------------------------------------------------------------------------------+
; Flow Summary                                                                  ;
+---------------------------------+---------------------------------------------+
; Flow Status                     ; Successful - Wed Jan 07 01:29:24 2026       ;
; Quartus Prime Version           ; 17.0.0 Build 595 04/25/2017 SJ Lite Edition ;
; Revision Name                   ; GoldMinerGame                               ;
; Top-level Entity Name           ; TOP_GOLD_MINER_GAME                         ;
; Family                          ; Cyclone V                                   ;
; Device                          ; 5CSXFC6D6F31C6                              ;
; Timing Models                   ; Final                                       ;
; Logic utilization (in ALMs)     ; 1,611 / 41,910 ( 4 % )                      ;
; Total registers                 ; 1500                                        ;
; Total pins                      ; 63 / 499 ( 13 % )                           ;
; Total virtual pins              ; 0                                           ;
; Total block memory bits         ; 2,479,616 / 5,662,720 ( 44 % )              ;
; Total DSP Blocks                ; 5 / 112 ( 4 % )                             ;
; Total HSSI RX PCSs              ; 0 / 9 ( 0 % )                               ;
; Total HSSI PMA RX Deserializers ; 0 / 9 ( 0 % )                               ;
; Total HSSI TX PCSs              ; 0 / 9 ( 0 % )                               ;
; Total HSSI PMA TX Serializers   ; 0 / 9 ( 0 % )                               ;
; Total PLLs                      ; 1 / 15 ( 7 % )                              ;
; Total DLLs                      ; 0 / 4 ( 0 % )                               ;
+---------------------------------+---------------------------------------------+


+-----------------------------------------+
; Flow Settings                           ;
+-------------------+---------------------+
; Option            ; Setting             ;
+-------------------+---------------------+
; Start date & time ; 01/07/2026 01:25:15 ;
; Main task         ; Compilation         ;
; Revision Name     ; GoldMinerGame       ;
+-------------------+---------------------+


+-----------------------------------------------------------------------------------------------------------------------------------------------------------------------------------------------------------------------------------------------------------------------------------------+
; Flow Non-Default Global Settings                                                                                                                                                                                                                                                        ;
+--------------------------------------------------+-----------------------------------------------------------------------------------------------------------------------------------------------------------------------------+---------------+---------------------+------------------+
; Assignment Name                                  ; Value                                                                                                                                                                       ; Default Value ; Entity Name         ; Section Id       ;
+--------------------------------------------------+-----------------------------------------------------------------------------------------------------------------------------------------------------------------------------+---------------+---------------------+------------------+
; COMPILER_SIGNATURE_ID                            ; 79602623454999.176774191446764                                                                                                                                              ; --            ; --                  ; --               ;
; ENABLE_SIGNALTAP                                 ; On                                                                                                                                                                          ; --            ; --                  ; --               ;
; FITTER_EFFORT                                    ; Fast Fit                                                                                                                                                                    ; Auto Fit      ; --                  ; --               ;
; MAX_CORE_JUNCTION_TEMP                           ; 85                                                                                                                                                                          ; --            ; --                  ; --               ;
; MIN_CORE_JUNCTION_TEMP                           ; 0                                                                                                                                                                           ; --            ; --                  ; --               ;
; MISC_FILE                                        ; RTL/VGA/valX.bsf                                                                                                                                                            ; --            ; --                  ; --               ;
; MISC_FILE                                        ; RTL/VGA/valX_inst.v                                                                                                                                                         ; --            ; --                  ; --               ;
; MISC_FILE                                        ; RTL/VGA/valX_bb.v                                                                                                                                                           ; --            ; --                  ; --               ;
; MISC_FILE                                        ; CLK_31P5.cmp                                                                                                                                                                ; --            ; --                  ; --               ;
; MISC_FILE                                        ; CLK_31P5_sim/CLK_31P5.vo                                                                                                                                                    ; --            ; --                  ; --               ;
; NUM_PARALLEL_PROCESSORS                          ; 16                                                                                                                                                                          ; --            ; --                  ; --               ;
; OPTIMIZE_HOLD_TIMING                             ; Off                                                                                                                                                                         ; All Paths     ; --                  ; --               ;
; PARTITION_COLOR                                  ; -- (Not supported for targeted family)                                                                                                                                      ; --            ; TOP_GOLD_MINER_GAME ; Top              ;
; PARTITION_FITTER_PRESERVATION_LEVEL              ; -- (Not supported for targeted family)                                                                                                                                      ; --            ; TOP_GOLD_MINER_GAME ; Top              ;
; PARTITION_NETLIST_TYPE                           ; -- (Not supported for targeted family)                                                                                                                                      ; --            ; TOP_GOLD_MINER_GAME ; Top              ;
; PHYSICAL_SYNTHESIS_EFFORT                        ; Fast                                                                                                                                                                        ; Normal        ; --                  ; --               ;
; POWER_BOARD_THERMAL_MODEL                        ; None (CONSERVATIVE)                                                                                                                                                         ; --            ; --                  ; --               ;
; POWER_PRESET_COOLING_SOLUTION                    ; 23 MM HEAT SINK WITH 200 LFPM AIRFLOW                                                                                                                                       ; --            ; --                  ; --               ;
; PROJECT_OUTPUT_DIRECTORY                         ; output_files                                                                                                                                                                ; --            ; --                  ; --               ;
; SLD_FILE                                         ; db/claw_check_auto_stripped.stp                                                                                                                                             ; --            ; --                  ; --               ;
; SLD_NODE_CREATOR_ID                              ; 110                                                                                                                                                                         ; --            ; --                  ; auto_signaltap_0 ;
; SLD_NODE_ENTITY_NAME                             ; sld_signaltap                                                                                                                                                               ; --            ; --                  ; auto_signaltap_0 ;
; SLD_NODE_PARAMETER_ASSIGNMENT                    ; SLD_RAM_BLOCK_TYPE=AUTO                                                                                                                                                     ; --            ; --                  ; auto_signaltap_0 ;
; SLD_NODE_PARAMETER_ASSIGNMENT                    ; SLD_NODE_INFO=805334528                                                                                                                                                     ; --            ; --                  ; auto_signaltap_0 ;
; SLD_NODE_PARAMETER_ASSIGNMENT                    ; SLD_POWER_UP_TRIGGER=0                                                                                                                                                      ; --            ; --                  ; auto_signaltap_0 ;
; SLD_NODE_PARAMETER_ASSIGNMENT                    ; SLD_STORAGE_QUALIFIER_INVERSION_MASK_LENGTH=0                                                                                                                               ; --            ; --                  ; auto_signaltap_0 ;
; SLD_NODE_PARAMETER_ASSIGNMENT                    ; SLD_SEGMENT_SIZE=512                                                                                                                                                        ; --            ; --                  ; auto_signaltap_0 ;
; SLD_NODE_PARAMETER_ASSIGNMENT                    ; SLD_ATTRIBUTE_MEM_MODE=OFF                                                                                                                                                  ; --            ; --                  ; auto_signaltap_0 ;
; SLD_NODE_PARAMETER_ASSIGNMENT                    ; SLD_STATE_FLOW_USE_GENERATED=0                                                                                                                                              ; --            ; --                  ; auto_signaltap_0 ;
; SLD_NODE_PARAMETER_ASSIGNMENT                    ; SLD_STATE_BITS=11                                                                                                                                                           ; --            ; --                  ; auto_signaltap_0 ;
; SLD_NODE_PARAMETER_ASSIGNMENT                    ; SLD_BUFFER_FULL_STOP=1                                                                                                                                                      ; --            ; --                  ; auto_signaltap_0 ;
; SLD_NODE_PARAMETER_ASSIGNMENT                    ; SLD_CURRENT_RESOURCE_WIDTH=1                                                                                                                                                ; --            ; --                  ; auto_signaltap_0 ;
; SLD_NODE_PARAMETER_ASSIGNMENT                    ; SLD_INCREMENTAL_ROUTING=1                                                                                                                                                   ; --            ; --                  ; auto_signaltap_0 ;
; SLD_NODE_PARAMETER_ASSIGNMENT                    ; SLD_TRIGGER_LEVEL=1                                                                                                                                                         ; --            ; --                  ; auto_signaltap_0 ;
; SLD_NODE_PARAMETER_ASSIGNMENT                    ; SLD_SAMPLE_DEPTH=512                                                                                                                                                        ; --            ; --                  ; auto_signaltap_0 ;
; SLD_NODE_PARAMETER_ASSIGNMENT                    ; SLD_TRIGGER_IN_ENABLED=0                                                                                                                                                    ; --            ; --                  ; auto_signaltap_0 ;
; SLD_NODE_PARAMETER_ASSIGNMENT                    ; SLD_TRIGGER_PIPELINE=0                                                                                                                                                      ; --            ; --                  ; auto_signaltap_0 ;
; SLD_NODE_PARAMETER_ASSIGNMENT                    ; SLD_RAM_PIPELINE=0                                                                                                                                                          ; --            ; --                  ; auto_signaltap_0 ;
; SLD_NODE_PARAMETER_ASSIGNMENT                    ; SLD_COUNTER_PIPELINE=0                                                                                                                                                      ; --            ; --                  ; auto_signaltap_0 ;
; SLD_NODE_PARAMETER_ASSIGNMENT                    ; SLD_ADVANCED_TRIGGER_ENTITY=basic,1,                                                                                                                                        ; --            ; --                  ; auto_signaltap_0 ;
; SLD_NODE_PARAMETER_ASSIGNMENT                    ; SLD_TRIGGER_LEVEL_PIPELINE=1                                                                                                                                                ; --            ; --                  ; auto_signaltap_0 ;
; SLD_NODE_PARAMETER_ASSIGNMENT                    ; SLD_ENABLE_ADVANCED_TRIGGER=0                                                                                                                                               ; --            ; --                  ; auto_signaltap_0 ;
; SLD_NODE_PARAMETER_ASSIGNMENT                    ; SLD_DATA_BITS=43                                                                                                                                                            ; --            ; --                  ; auto_signaltap_0 ;
; SLD_NODE_PARAMETER_ASSIGNMENT                    ; SLD_TRIGGER_BITS=43                                                                                                                                                         ; --            ; --                  ; auto_signaltap_0 ;
; SLD_NODE_PARAMETER_ASSIGNMENT                    ; SLD_STORAGE_QUALIFIER_BITS=43                                                                                                                                               ; --            ; --                  ; auto_signaltap_0 ;
; SLD_NODE_PARAMETER_ASSIGNMENT                    ; SLD_INVERSION_MASK=00000000000000000000000000000000000000000000000000000000000000000000000000000000000000000000000000000000000000000000000000000000000000000000000000000000 ; --            ; --                  ; auto_signaltap_0 ;
; SLD_NODE_PARAMETER_ASSIGNMENT                    ; SLD_INVERSION_MASK_LENGTH=152                                                                                                                                               ; --            ; --                  ; auto_signaltap_0 ;
; SMART_RECOMPILE                                  ; On                                                                                                                                                                          ; Off           ; --                  ; --               ;
; SPD_FILE                                         ; CLK_31P5.spd                                                                                                                                                                ; --            ; --                  ; --               ;
; SYNTHESIS_ONLY_QIP                               ; On                                                                                                                                                                          ; --            ; --                  ; --               ;
; TIMEQUEST_REPORT_SCRIPT_INCLUDE_DEFAULT_ANALYSIS ; Off                                                                                                                                                                         ; On            ; --                  ; --               ;
; TOP_LEVEL_ENTITY                                 ; TOP_GOLD_MINER_GAME                                                                                                                                                         ; GoldMinerGame ; --                  ; --               ;
; USE_SIGNALTAP_FILE                               ; output_files/claw_check.stp                                                                                                                                                 ; --            ; --                  ; --               ;
+--------------------------------------------------+-----------------------------------------------------------------------------------------------------------------------------------------------------------------------------+---------------+---------------------+------------------+


+-------------------------------------------------------------------------------------------------------------------------------+
; Flow Elapsed Time                                                                                                             ;
+---------------------------+--------------+-------------------------+---------------------+------------------------------------+
; Module Name               ; Elapsed Time ; Average Processors Used ; Peak Virtual Memory ; Total CPU Time (on all processors) ;
+---------------------------+--------------+-------------------------+---------------------+------------------------------------+
; Analysis & Synthesis      ; 00:01:09     ; 1.0                     ; 5096 MB             ; 00:02:29                           ;
; Fitter                    ; 00:02:30     ; 1.5                     ; 7977 MB             ; 00:16:26                           ;
; Assembler                 ; 00:00:21     ; 1.0                     ; 4893 MB             ; 00:00:21                           ;
; TimeQuest Timing Analyzer ; 00:00:27     ; 2.7                     ; 5412 MB             ; 00:01:00                           ;
; Total                     ; 00:04:27     ; --                      ; --                  ; 00:20:16                           ;
+---------------------------+--------------+-------------------------+---------------------+------------------------------------+


+-----------------------------------------------------------------------------------------+
; Flow OS Summary                                                                         ;
+---------------------------+------------------+------------+------------+----------------+
; Module Name               ; Machine Hostname ; OS Name    ; OS Version ; Processor type ;
+---------------------------+------------------+------------+------------+----------------+
; Analysis & Synthesis      ; Nirk             ; Windows 10 ; 10.0       ; x86_64         ;
; Fitter                    ; Nirk             ; Windows 10 ; 10.0       ; x86_64         ;
; Assembler                 ; Nirk             ; Windows 10 ; 10.0       ; x86_64         ;
; TimeQuest Timing Analyzer ; Nirk             ; Windows 10 ; 10.0       ; x86_64         ;
+---------------------------+------------------+------------+------------+----------------+


------------
; Flow Log ;
------------
quartus_map --read_settings_files=on --write_settings_files=off GoldMinerGame -c GoldMinerGame
quartus_fit --read_settings_files=off --write_settings_files=off GoldMinerGame -c GoldMinerGame
quartus_asm --read_settings_files=off --write_settings_files=off GoldMinerGame -c GoldMinerGame
quartus_sta GoldMinerGame -c GoldMinerGame



